kernel_name = _Z6matmulPA300_iS0_S0_ 
kernel_launch_uid = 1 

Kernel Average Power Data:
kernel_avg_power = 67.3437
gpu_avg_IBP, = 0.000893528
gpu_avg_ICP, = 0.00798808
gpu_avg_DCP, = 6.77014
gpu_avg_TCP, = 0
gpu_avg_CCP, = 0.000746991
gpu_avg_SHRDP, = 0
gpu_avg_RFP, = 0.499489
gpu_avg_SPP, = 0.0166238
gpu_avg_SFUP, = 0.338766
gpu_avg_FPUP, = 0
gpu_avg_SCHEDP, = 0.0131458
gpu_avg_L2CP, = 31.4282
gpu_avg_MCP, = 3.16202
gpu_avg_NOCP, = 13.803
gpu_avg_DRAMP, = 0.0333015
gpu_avg_PIPEP, = 0.295522
gpu_avg_IDLE_COREP, = 1.1501
gpu_avg_CONST_DYNAMICP = 9.82366
gpu_avg_TOT_INST, = 176.595
gpu_avg_FP_INT, = 171.068
gpu_avg_IC_H, = 88.3199
gpu_avg_IC_M, = 0.0475941
gpu_avg_DC_RH, = 676.57
gpu_avg_DC_RM, = 545.592
gpu_avg_DC_WH, = 6.78535
gpu_avg_DC_WM, = 1172.15
gpu_avg_TC_H, = 0
gpu_avg_TC_M, = 0
gpu_avg_CC_H, = 0.398218
gpu_avg_CC_M, = 0.0209589
gpu_avg_SHRD_ACC, = 0
gpu_avg_REG_RD, = 9241.44
gpu_avg_REG_WR, = 22558.6
gpu_avg_NON_REG_OPs, = 2916.35
gpu_avg_SP_ACC, = 4406.35
gpu_avg_SFU_ACC, = 5004.48
gpu_avg_FPU_ACC, = 0
gpu_avg_MEM_RD, = 0.911536
gpu_avg_MEM_WR, = 0
gpu_avg_MEM_PRE, = 0.114139
gpu_avg_L2_RH, = 2181.47
gpu_avg_L2_RM, = 0.227884
gpu_avg_L2_WH, = 1178.93
gpu_avg_L2_WM, = 0
gpu_avg_NOC_A, = 5085.84
gpu_avg_PIPE_A, = 0.0116065
gpu_avg_IDLE_CORE_N, = 0.723334
gpu_avg_CONST_DYNAMICN = 0

Kernel Maximum Power Data:
kernel_max_power = 141.144
gpu_max_IBP, = 0.00267661
gpu_max_ICP, = 0.0646317
gpu_max_DCP, = 21.8803
gpu_max_TCP, = 0
gpu_max_CCP, = 0
gpu_max_SHRDP, = 0
gpu_max_RFP, = 0.968903
gpu_max_SPP, = 0.0065192
gpu_max_SFUP, = 1.05492
gpu_max_FPUP, = 0
gpu_max_SCHEDP, = 0.0404976
gpu_max_L2CP, = 78.2574
gpu_max_MCP, = 7.10251
gpu_max_NOCP, = 20.6319
gpu_max_DRAMP, = 0.435423
gpu_max_PIPEP, = 0.874188
gpu_max_IDLE_COREP, = 0
gpu_max_CONST_DYNAMICP = 9.82366
gpu_max_TOT_INST, = 529
gpu_max_FP_INT, = 527
gpu_max_IC_H, = 249
gpu_max_IC_M, = 14
gpu_max_DC_RH, = 3557
gpu_max_DC_RM, = 23
gpu_max_DC_WH, = 62
gpu_max_DC_WM, = 3588
gpu_max_TC_H, = 0
gpu_max_TC_M, = 0
gpu_max_CC_H, = 0
gpu_max_CC_M, = 0
gpu_max_SHRD_ACC, = 0
gpu_max_REG_RD, = 28000
gpu_max_REG_WR, = 8800
gpu_max_NON_REG_OPs, = 8224
gpu_max_SP_ACC, = 1728
gpu_max_SFU_ACC, = 15584
gpu_max_FPU_ACC, = 0
gpu_max_MEM_RD, = 12
gpu_max_MEM_WR, = 0
gpu_max_MEM_PRE, = 1
gpu_max_L2_RH, = 235
gpu_max_L2_RM, = 4
gpu_max_L2_WH, = 3988
gpu_max_L2_WM, = 0
gpu_max_NOC_A, = 7602
gpu_max_PIPE_A, = 0.0343334
gpu_max_IDLE_CORE_N, = 0
gpu_max_CONST_DYNAMICN = 0

Kernel Minimum Power Data:
kernel_min_power = 19.1273
gpu_min_IBP, = 0.00972483
gpu_min_ICP, = 1.61286
gpu_min_DCP, = 0
gpu_min_TCP, = 0
gpu_min_CCP, = 0.616134
gpu_min_SHRDP, = 0
gpu_min_RFP, = 2.1436
gpu_min_SPP, = 1.28646
gpu_min_SFUP, = 0.641184
gpu_min_FPUP, = 0
gpu_min_SCHEDP, = 0.142011
gpu_min_L2CP, = 0.243763
gpu_min_MCP, = 1.31557
gpu_min_NOCP, = 0.284971
gpu_min_DRAMP, = 0.143166
gpu_min_PIPEP, = 0.816473
gpu_min_IDLE_COREP, = 0.0476996
gpu_min_CONST_DYNAMICP = 9.82366
gpu_min_TOT_INST, = 1922
gpu_min_FP_INT, = 1848
gpu_min_IC_H, = 481
gpu_min_IC_M, = 517
gpu_min_DC_RH, = 0
gpu_min_DC_RM, = 0
gpu_min_DC_WH, = 0
gpu_min_DC_WM, = 0
gpu_min_TC_H, = 0
gpu_min_TC_M, = 0
gpu_min_CC_H, = 0
gpu_min_CC_M, = 480
gpu_min_SHRD_ACC, = 0
gpu_min_REG_RD, = 11840
gpu_min_REG_WR, = 13024
gpu_min_NON_REG_OPs, = 25792
gpu_min_SP_ACC, = 340992
gpu_min_SFU_ACC, = 9472
gpu_min_FPU_ACC, = 0
gpu_min_MEM_RD, = 4
gpu_min_MEM_WR, = 0
gpu_min_MEM_PRE, = 0
gpu_min_L2_RH, = 62
gpu_min_L2_RM, = 2
gpu_min_L2_WH, = 0
gpu_min_L2_WM, = 0
gpu_min_NOC_A, = 105
gpu_min_PIPE_A, = 0.0320667
gpu_min_IDLE_CORE_N, = 0.0299997
gpu_min_CONST_DYNAMICN = 0

Accumulative Power Statistics Over Previous Kernels:
gpu_tot_avg_power = 67.3437
gpu_tot_max_power = 141.144
gpu_tot_min_power = 19.1273


