kernel_name = _Z11mult_matrixPA10_iS0_S0_ 
kernel_launch_uid = 1 

Kernel Average Power Data:
kernel_avg_power = 40.1578
gpu_avg_IBP, = 0.000880396
gpu_avg_ICP, = 0.0487469
gpu_avg_DCP, = 0.416685
gpu_avg_TCP, = 0
gpu_avg_CCP, = 0.0261342
gpu_avg_SHRDP, = 0
gpu_avg_RFP, = 0.322293
gpu_avg_SPP, = 0.198111
gpu_avg_SFUP, = 0.227808
gpu_avg_FPUP, = 0
gpu_avg_SCHEDP, = 0.0121416
gpu_avg_L2CP, = 3.8568
gpu_avg_MCP, = 1.29513
gpu_avg_NOCP, = 1.11455
gpu_avg_DRAMP, = 0.265433
gpu_avg_PIPEP, = 0.288849
gpu_avg_IDLE_COREP, = 22.2605
gpu_avg_CONST_DYNAMICP = 9.82366
gpu_avg_TOT_INST, = 174
gpu_avg_FP_INT, = 158
gpu_avg_IC_H, = 75.8333
gpu_avg_IC_M, = 13.8333
gpu_avg_DC_RH, = 77
gpu_avg_DC_RM, = 2
gpu_avg_DC_WH, = 0.666667
gpu_avg_DC_WM, = 53.3333
gpu_avg_TC_H, = 0
gpu_avg_TC_M, = 0
gpu_avg_CC_H, = 10.6667
gpu_avg_CC_M, = 5.33333
gpu_avg_SHRD_ACC, = 0
gpu_avg_REG_RD, = 6186.67
gpu_avg_REG_WR, = 3461.33
gpu_avg_NON_REG_OPs, = 3104
gpu_avg_SP_ACC, = 52512
gpu_avg_SFU_ACC, = 3365.33
gpu_avg_FPU_ACC, = 0
gpu_avg_MEM_RD, = 7.33333
gpu_avg_MEM_WR, = 0
gpu_avg_MEM_PRE, = 0.5
gpu_avg_L2_RH, = 4.33333
gpu_avg_L2_RM, = 1.66667
gpu_avg_L2_WH, = 198
gpu_avg_L2_WM, = 0
gpu_avg_NOC_A, = 410.667
gpu_avg_PIPE_A, = 0.0113444
gpu_avg_IDLE_CORE_N, = 14.0003
gpu_avg_CONST_DYNAMICN = 0

Kernel Maximum Power Data:
kernel_max_power = 45.3275
gpu_max_IBP, = 0.000344063
gpu_max_ICP, = 0.00346352
gpu_max_DCP, = 0.590498
gpu_max_TCP, = 0
gpu_max_CCP, = 0
gpu_max_SHRDP, = 0
gpu_max_RFP, = 0.12854
gpu_max_SPP, = 0
gpu_max_SFUP, = 0.142154
gpu_max_FPUP, = 0
gpu_max_SCHEDP, = 0.00445704
gpu_max_L2CP, = 8.61383
gpu_max_MCP, = 1.33188
gpu_max_NOCP, = 2.15493
gpu_max_DRAMP, = 0.107374
gpu_max_PIPEP, = 0.16635
gpu_max_IDLE_COREP, = 22.26
gpu_max_CONST_DYNAMICP = 9.82366
gpu_max_TOT_INST, = 68
gpu_max_FP_INT, = 58
gpu_max_IC_H, = 39
gpu_max_IC_M, = 0
gpu_max_DC_RH, = 104
gpu_max_DC_RM, = 1
gpu_max_DC_WH, = 0
gpu_max_DC_WM, = 85
gpu_max_TC_H, = 0
gpu_max_TC_M, = 0
gpu_max_CC_H, = 0
gpu_max_CC_M, = 0
gpu_max_SHRD_ACC, = 0
gpu_max_REG_RD, = 4480
gpu_max_REG_WR, = 832
gpu_max_NON_REG_OPs, = 1024
gpu_max_SP_ACC, = 0
gpu_max_SFU_ACC, = 2100
gpu_max_FPU_ACC, = 0
gpu_max_MEM_RD, = 3
gpu_max_MEM_WR, = 0
gpu_max_MEM_PRE, = 0
gpu_max_L2_RH, = 1
gpu_max_L2_RM, = 0
gpu_max_L2_WH, = 444
gpu_max_L2_WM, = 0
gpu_max_NOC_A, = 794
gpu_max_PIPE_A, = 0.00653333
gpu_max_IDLE_CORE_N, = 14
gpu_max_CONST_DYNAMICN = 0

Kernel Minimum Power Data:
kernel_min_power = 33.9821
gpu_min_IBP, = 0.000678006
gpu_min_ICP, = 0.109404
gpu_min_DCP, = 0
gpu_min_TCP, = 0
gpu_min_CCP, = 0.0410756
gpu_min_SHRDP, = 0
gpu_min_RFP, = 0.156348
gpu_min_SPP, = 0.104307
gpu_min_SFUP, = 0.0519879
gpu_min_FPUP, = 0
gpu_min_SCHEDP, = 0.00983623
gpu_min_L2CP, = 0.000428578
gpu_min_MCP, = 1.19285
gpu_min_NOCP, = 0.0189981
gpu_min_DRAMP, = 0.143166
gpu_min_PIPEP, = 0.0662005
gpu_min_IDLE_COREP, = 22.2632
gpu_min_CONST_DYNAMICP = 9.82366
gpu_min_TOT_INST, = 134
gpu_min_FP_INT, = 128
gpu_min_IC_H, = 35
gpu_min_IC_M, = 35
gpu_min_DC_RH, = 0
gpu_min_DC_RM, = 0
gpu_min_DC_WH, = 0
gpu_min_DC_WM, = 0
gpu_min_TC_H, = 0
gpu_min_TC_M, = 0
gpu_min_CC_H, = 0
gpu_min_CC_M, = 32
gpu_min_SHRD_ACC, = 0
gpu_min_REG_RD, = 960
gpu_min_REG_WR, = 1056
gpu_min_NON_REG_OPs, = 1856
gpu_min_SP_ACC, = 27648
gpu_min_SFU_ACC, = 768
gpu_min_FPU_ACC, = 0
gpu_min_MEM_RD, = 4
gpu_min_MEM_WR, = 0
gpu_min_MEM_PRE, = 0
gpu_min_L2_RH, = 0
gpu_min_L2_RM, = 3
gpu_min_L2_WH, = 0
gpu_min_L2_WM, = 0
gpu_min_NOC_A, = 7
gpu_min_PIPE_A, = 0.0026
gpu_min_IDLE_CORE_N, = 14.002
gpu_min_CONST_DYNAMICN = 0

Accumulative Power Statistics Over Previous Kernels:
gpu_tot_avg_power = 40.1578
gpu_tot_max_power = 45.3275
gpu_tot_min_power = 33.9821


