kernel_name = _Z11mult_matrixPA200_iS0_S0_ 
kernel_launch_uid = 1 

Kernel Average Power Data:
kernel_avg_power = 68.7229
gpu_avg_IBP, = 0.00102997
gpu_avg_ICP, = 0.00948871
gpu_avg_DCP, = 7.16462
gpu_avg_TCP, = 0
gpu_avg_CCP, = 0.00126464
gpu_avg_SHRDP, = 0
gpu_avg_RFP, = 0.532418
gpu_avg_SPP, = 0.027174
gpu_avg_SFUP, = 0.369525
gpu_avg_FPUP, = 0
gpu_avg_SCHEDP, = 0.0149446
gpu_avg_L2CP, = 30.9289
gpu_avg_MCP, = 3.2336
gpu_avg_NOCP, = 12.842
gpu_avg_DRAMP, = 0.0275468
gpu_avg_PIPEP, = 0.338574
gpu_avg_IDLE_COREP, = 3.40807
gpu_avg_CONST_DYNAMICP = 9.82366
gpu_avg_TOT_INST, = 203.562
gpu_avg_FP_INT, = 194.476
gpu_avg_IC_H, = 101.752
gpu_avg_IC_M, = 0.14892
gpu_avg_DC_RH, = 818.635
gpu_avg_DC_RM, = 456.067
gpu_avg_DC_WH, = 9.45396
gpu_avg_DC_WM, = 1216.22
gpu_avg_TC_H, = 0
gpu_avg_TC_M, = 0
gpu_avg_CC_H, = 0.647158
gpu_avg_CC_M, = 0.0735407
gpu_avg_SHRD_ACC, = 0
gpu_avg_REG_RD, = 10331.3
gpu_avg_REG_WR, = 20823.4
gpu_avg_NON_REG_OPs, = 3406.62
gpu_avg_SP_ACC, = 7202.83
gpu_avg_SFU_ACC, = 5458.88
gpu_avg_FPU_ACC, = 0
gpu_avg_MEM_RD, = 0.769419
gpu_avg_MEM_WR, = 0
gpu_avg_MEM_PRE, = 0.00137889
gpu_avg_L2_RH, = 1823.55
gpu_avg_L2_RM, = 0.192431
gpu_avg_L2_WH, = 1225.67
gpu_avg_L2_WM, = 0
gpu_avg_NOC_A, = 4731.74
gpu_avg_PIPE_A, = 0.0132974
gpu_avg_IDLE_CORE_N, = 2.14344
gpu_avg_CONST_DYNAMICN = 0

Kernel Maximum Power Data:
kernel_max_power = 133.111
gpu_max_IBP, = 0.00333943
gpu_max_ICP, = 0.0292179
gpu_max_DCP, = 21.008
gpu_max_TCP, = 0
gpu_max_CCP, = 0
gpu_max_SHRDP, = 0
gpu_max_RFP, = 1.29125
gpu_max_SPP, = 0.02994
gpu_max_SFUP, = 1.19897
gpu_max_FPUP, = 0
gpu_max_SCHEDP, = 0.0491811
gpu_max_L2CP, = 71.9874
gpu_max_MCP, = 6.83882
gpu_max_NOCP, = 19.7309
gpu_max_DRAMP, = 0
gpu_max_PIPEP, = 1.12032
gpu_max_IDLE_COREP, = 0
gpu_max_CONST_DYNAMICP = 9.82366
gpu_max_TOT_INST, = 660
gpu_max_FP_INT, = 640
gpu_max_IC_H, = 329
gpu_max_IC_M, = 0
gpu_max_DC_RH, = 3385
gpu_max_DC_RM, = 93
gpu_max_DC_WH, = 0
gpu_max_DC_WM, = 3422
gpu_max_TC_H, = 0
gpu_max_TC_M, = 0
gpu_max_CC_H, = 0
gpu_max_CC_M, = 0
gpu_max_SHRD_ACC, = 0
gpu_max_REG_RD, = 35104
gpu_max_REG_WR, = 12288
gpu_max_NON_REG_OPs, = 11200
gpu_max_SP_ACC, = 7936
gpu_max_SFU_ACC, = 17712
gpu_max_FPU_ACC, = 0
gpu_max_MEM_RD, = 0
gpu_max_MEM_WR, = 0
gpu_max_MEM_PRE, = 0
gpu_max_L2_RH, = 352
gpu_max_L2_RM, = 0
gpu_max_L2_WH, = 3641
gpu_max_L2_WM, = 0
gpu_max_NOC_A, = 7270
gpu_max_PIPE_A, = 0.0440001
gpu_max_IDLE_CORE_N, = 0
gpu_max_CONST_DYNAMICN = 0

Kernel Minimum Power Data:
kernel_min_power = 19.1273
gpu_min_IBP, = 0.00972483
gpu_min_ICP, = 1.61286
gpu_min_DCP, = 0
gpu_min_TCP, = 0
gpu_min_CCP, = 0.616134
gpu_min_SHRDP, = 0
gpu_min_RFP, = 2.1436
gpu_min_SPP, = 1.28646
gpu_min_SFUP, = 0.641184
gpu_min_FPUP, = 0
gpu_min_SCHEDP, = 0.142011
gpu_min_L2CP, = 0.243763
gpu_min_MCP, = 1.31557
gpu_min_NOCP, = 0.284971
gpu_min_DRAMP, = 0.143166
gpu_min_PIPEP, = 0.816473
gpu_min_IDLE_COREP, = 0.0476996
gpu_min_CONST_DYNAMICP = 9.82366
gpu_min_TOT_INST, = 1922
gpu_min_FP_INT, = 1848
gpu_min_IC_H, = 481
gpu_min_IC_M, = 517
gpu_min_DC_RH, = 0
gpu_min_DC_RM, = 0
gpu_min_DC_WH, = 0
gpu_min_DC_WM, = 0
gpu_min_TC_H, = 0
gpu_min_TC_M, = 0
gpu_min_CC_H, = 0
gpu_min_CC_M, = 480
gpu_min_SHRD_ACC, = 0
gpu_min_REG_RD, = 11840
gpu_min_REG_WR, = 13024
gpu_min_NON_REG_OPs, = 25792
gpu_min_SP_ACC, = 340992
gpu_min_SFU_ACC, = 9472
gpu_min_FPU_ACC, = 0
gpu_min_MEM_RD, = 4
gpu_min_MEM_WR, = 0
gpu_min_MEM_PRE, = 0
gpu_min_L2_RH, = 62
gpu_min_L2_RM, = 2
gpu_min_L2_WH, = 0
gpu_min_L2_WM, = 0
gpu_min_NOC_A, = 105
gpu_min_PIPE_A, = 0.0320667
gpu_min_IDLE_CORE_N, = 0.0299997
gpu_min_CONST_DYNAMICN = 0

Accumulative Power Statistics Over Previous Kernels:
gpu_tot_avg_power = 68.7229
gpu_tot_max_power = 133.111
gpu_tot_min_power = 19.1273


