kernel_name = _Z11mult_matrixPA400_iS0_S0_ 
kernel_launch_uid = 1 

Kernel Average Power Data:
kernel_avg_power = 75.2021
gpu_avg_IBP, = 0.000813778
gpu_avg_ICP, = 0.00720085
gpu_avg_DCP, = 6.31613
gpu_avg_TCP, = 0
gpu_avg_CCP, = 0.000506057
gpu_avg_SHRDP, = 0
gpu_avg_RFP, = 0.478264
gpu_avg_SPP, = 0.0132126
gpu_avg_SFUP, = 0.313738
gpu_avg_FPUP, = 0
gpu_avg_SCHEDP, = 0.011997
gpu_avg_L2CP, = 10.3629
gpu_avg_MCP, = 4.58137
gpu_avg_NOCP, = 14.002
gpu_avg_DRAMP, = 28.748
gpu_avg_PIPEP, = 0.269315
gpu_avg_IDLE_COREP, = 0.273012
gpu_avg_CONST_DYNAMICP = 9.82366
gpu_avg_TOT_INST, = 160.834
gpu_avg_FP_INT, = 156.118
gpu_avg_IC_H, = 80.4453
gpu_avg_IC_M, = 0.0186516
gpu_avg_DC_RH, = 566.082
gpu_avg_DC_RM, = 586.418
gpu_avg_DC_WH, = 5.10276
gpu_avg_DC_WM, = 1108.42
gpu_avg_TC_H, = 0
gpu_avg_TC_M, = 0
gpu_avg_CC_H, = 0.273928
gpu_avg_CC_M, = 0.00835146
gpu_avg_SHRD_ACC, = 0
gpu_avg_REG_RD, = 8466.63
gpu_avg_REG_WR, = 23321.9
gpu_avg_NON_REG_OPs, = 2650.35
gpu_avg_SP_ACC, = 3502.18
gpu_avg_SFU_ACC, = 4634.76
gpu_avg_FPU_ACC, = 0
gpu_avg_MEM_RD, = 788.444
gpu_avg_MEM_WR, = 0
gpu_avg_MEM_PRE, = 89.1827
gpu_avg_L2_RH, = 1557.24
gpu_avg_L2_RM, = 196.615
gpu_avg_L2_WH, = 671.669
gpu_avg_L2_WM, = 5.32644
gpu_avg_NOC_A, = 5159.15
gpu_avg_PIPE_A, = 0.0105772
gpu_avg_IDLE_CORE_N, = 0.171706
gpu_avg_CONST_DYNAMICN = 0

Kernel Maximum Power Data:
kernel_max_power = 111.532
gpu_max_IBP, = 0.00174055
gpu_max_ICP, = 0.0457341
gpu_max_DCP, = 10.6482
gpu_max_TCP, = 0
gpu_max_CCP, = 0
gpu_max_SHRDP, = 0
gpu_max_RFP, = 1.3997
gpu_max_SPP, = 0.163221
gpu_max_SFUP, = 0.291349
gpu_max_FPUP, = 0
gpu_max_SCHEDP, = 0.0264349
gpu_max_L2CP, = 1.39743
gpu_max_MCP, = 6.56953
gpu_max_NOCP, = 8.34287
gpu_max_DRAMP, = 72.182
gpu_max_PIPEP, = 0.639939
gpu_max_IDLE_COREP, = 0
gpu_max_CONST_DYNAMICP = 9.82366
gpu_max_TOT_INST, = 344
gpu_max_FP_INT, = 344
gpu_max_IC_H, = 173
gpu_max_IC_M, = 10
gpu_max_DC_RH, = 2722
gpu_max_DC_RM, = 229
gpu_max_DC_WH, = 16
gpu_max_DC_WM, = 85
gpu_max_TC_H, = 0
gpu_max_TC_M, = 0
gpu_max_CC_H, = 0
gpu_max_CC_M, = 0
gpu_max_SHRD_ACC, = 0
gpu_max_REG_RD, = 14688
gpu_max_REG_WR, = 92800
gpu_max_NON_REG_OPs, = 6368
gpu_max_SP_ACC, = 43264
gpu_max_SFU_ACC, = 4304
gpu_max_FPU_ACC, = 0
gpu_max_MEM_RD, = 1978
gpu_max_MEM_WR, = 0
gpu_max_MEM_PRE, = 234
gpu_max_L2_RH, = 635
gpu_max_L2_RM, = 185
gpu_max_L2_WH, = 0
gpu_max_L2_WM, = 0
gpu_max_NOC_A, = 3074
gpu_max_PIPE_A, = 0.0251334
gpu_max_IDLE_CORE_N, = 0
gpu_max_CONST_DYNAMICN = 0

Kernel Minimum Power Data:
kernel_min_power = 19.0181
gpu_min_IBP, = 0.00972483
gpu_min_ICP, = 1.61286
gpu_min_DCP, = 0
gpu_min_TCP, = 0
gpu_min_CCP, = 0.616134
gpu_min_SHRDP, = 0
gpu_min_RFP, = 2.1436
gpu_min_SPP, = 1.28646
gpu_min_SFUP, = 0.641184
gpu_min_FPUP, = 0
gpu_min_SCHEDP, = 0.142011
gpu_min_L2CP, = 0.134558
gpu_min_MCP, = 1.31557
gpu_min_NOCP, = 0.284971
gpu_min_DRAMP, = 0.143166
gpu_min_PIPEP, = 0.816473
gpu_min_IDLE_COREP, = 0.0476996
gpu_min_CONST_DYNAMICP = 9.82366
gpu_min_TOT_INST, = 1922
gpu_min_FP_INT, = 1848
gpu_min_IC_H, = 481
gpu_min_IC_M, = 517
gpu_min_DC_RH, = 0
gpu_min_DC_RM, = 0
gpu_min_DC_WH, = 0
gpu_min_DC_WM, = 0
gpu_min_TC_H, = 0
gpu_min_TC_M, = 0
gpu_min_CC_H, = 0
gpu_min_CC_M, = 480
gpu_min_SHRD_ACC, = 0
gpu_min_REG_RD, = 11840
gpu_min_REG_WR, = 13024
gpu_min_NON_REG_OPs, = 25792
gpu_min_SP_ACC, = 340992
gpu_min_SFU_ACC, = 9472
gpu_min_FPU_ACC, = 0
gpu_min_MEM_RD, = 4
gpu_min_MEM_WR, = 0
gpu_min_MEM_PRE, = 0
gpu_min_L2_RH, = 62
gpu_min_L2_RM, = 2
gpu_min_L2_WH, = 0
gpu_min_L2_WM, = 0
gpu_min_NOC_A, = 105
gpu_min_PIPE_A, = 0.0320667
gpu_min_IDLE_CORE_N, = 0.0299997
gpu_min_CONST_DYNAMICN = 0

Accumulative Power Statistics Over Previous Kernels:
gpu_tot_avg_power = 75.2021
gpu_tot_max_power = 111.532
gpu_tot_min_power = 19.0181


