kernel_name = _Z6matmulPA400_iS0_S0_ 
kernel_launch_uid = 1 

Kernel Average Power Data:
kernel_avg_power = 65.2705
gpu_avg_IBP, = 0.000807721
gpu_avg_ICP, = 0.00714557
gpu_avg_DCP, = 6.27261
gpu_avg_TCP, = 0
gpu_avg_CCP, = 0.00050229
gpu_avg_SHRDP, = 0
gpu_avg_RFP, = 0.47419
gpu_avg_SPP, = 0.0131143
gpu_avg_SFUP, = 0.311403
gpu_avg_FPUP, = 0
gpu_avg_SCHEDP, = 0.0119077
gpu_avg_L2CP, = 30.4133
gpu_avg_MCP, = 3.06849
gpu_avg_NOCP, = 13.8527
gpu_avg_DRAMP, = 0.528438
gpu_avg_PIPEP, = 0.26731
gpu_avg_IDLE_COREP, = 0.224949
gpu_avg_CONST_DYNAMICP = 9.82366
gpu_avg_TOT_INST, = 159.637
gpu_avg_FP_INT, = 154.956
gpu_avg_IC_H, = 79.8471
gpu_avg_IC_M, = 0.0179429
gpu_avg_DC_RH, = 565.192
gpu_avg_DC_RM, = 578.73
gpu_avg_DC_WH, = 5.06402
gpu_avg_DC_WM, = 1100.17
gpu_avg_TC_H, = 0
gpu_avg_TC_M, = 0
gpu_avg_CC_H, = 0.271889
gpu_avg_CC_M, = 0.0082893
gpu_avg_SHRD_ACC, = 0
gpu_avg_REG_RD, = 8403.61
gpu_avg_REG_WR, = 23086.9
gpu_avg_NON_REG_OPs, = 2630.62
gpu_avg_SP_ACC, = 3476.11
gpu_avg_SFU_ACC, = 4600.26
gpu_avg_FPU_ACC, = 0
gpu_avg_MEM_RD, = 14.4475
gpu_avg_MEM_WR, = 0
gpu_avg_MEM_PRE, = 1.91381
gpu_avg_L2_RH, = 2300.48
gpu_avg_L2_RM, = 3.57177
gpu_avg_L2_WH, = 1102.35
gpu_avg_L2_WM, = 0.105896
gpu_avg_NOC_A, = 5104.13
gpu_avg_PIPE_A, = 0.0104985
gpu_avg_IDLE_CORE_N, = 0.141477
gpu_avg_CONST_DYNAMICN = 0

Kernel Maximum Power Data:
kernel_max_power = 144.417
gpu_max_IBP, = 0.00253999
gpu_max_ICP, = 0.0222909
gpu_max_DCP, = 22.3366
gpu_max_TCP, = 0
gpu_max_CCP, = 0
gpu_max_SHRDP, = 0
gpu_max_RFP, = 0.950919
gpu_max_SPP, = 0.0115897
gpu_max_SFUP, = 1.07767
gpu_max_FPUP, = 0
gpu_max_SCHEDP, = 0.0382691
gpu_max_L2CP, = 80.5037
gpu_max_MCP, = 7.28764
gpu_max_NOCP, = 21.343
gpu_max_DRAMP, = 0.143166
gpu_max_PIPEP, = 0.875885
gpu_max_IDLE_COREP, = 0
gpu_max_CONST_DYNAMICP = 9.82366
gpu_max_TOT_INST, = 502
gpu_max_FP_INT, = 498
gpu_max_IC_H, = 251
gpu_max_IC_M, = 0
gpu_max_DC_RH, = 3568
gpu_max_DC_RM, = 26
gpu_max_DC_WH, = 6
gpu_max_DC_WM, = 3758
gpu_max_TC_H, = 0
gpu_max_TC_M, = 0
gpu_max_CC_H, = 0
gpu_max_CC_M, = 0
gpu_max_SHRD_ACC, = 0
gpu_max_REG_RD, = 28032
gpu_max_REG_WR, = 8032
gpu_max_NON_REG_OPs, = 8064
gpu_max_SP_ACC, = 3072
gpu_max_SFU_ACC, = 15920
gpu_max_FPU_ACC, = 0
gpu_max_MEM_RD, = 4
gpu_max_MEM_WR, = 0
gpu_max_MEM_PRE, = 0
gpu_max_L2_RH, = 101
gpu_max_L2_RM, = 1
gpu_max_L2_WH, = 4131
gpu_max_L2_WM, = 0
gpu_max_NOC_A, = 7864
gpu_max_PIPE_A, = 0.0344001
gpu_max_IDLE_CORE_N, = 0
gpu_max_CONST_DYNAMICN = 0

Kernel Minimum Power Data:
kernel_min_power = 19.1273
gpu_min_IBP, = 0.00972483
gpu_min_ICP, = 1.61286
gpu_min_DCP, = 0
gpu_min_TCP, = 0
gpu_min_CCP, = 0.616134
gpu_min_SHRDP, = 0
gpu_min_RFP, = 2.1436
gpu_min_SPP, = 1.28646
gpu_min_SFUP, = 0.641184
gpu_min_FPUP, = 0
gpu_min_SCHEDP, = 0.142011
gpu_min_L2CP, = 0.243763
gpu_min_MCP, = 1.31557
gpu_min_NOCP, = 0.284971
gpu_min_DRAMP, = 0.143166
gpu_min_PIPEP, = 0.816473
gpu_min_IDLE_COREP, = 0.0476996
gpu_min_CONST_DYNAMICP = 9.82366
gpu_min_TOT_INST, = 1922
gpu_min_FP_INT, = 1848
gpu_min_IC_H, = 481
gpu_min_IC_M, = 517
gpu_min_DC_RH, = 0
gpu_min_DC_RM, = 0
gpu_min_DC_WH, = 0
gpu_min_DC_WM, = 0
gpu_min_TC_H, = 0
gpu_min_TC_M, = 0
gpu_min_CC_H, = 0
gpu_min_CC_M, = 480
gpu_min_SHRD_ACC, = 0
gpu_min_REG_RD, = 11840
gpu_min_REG_WR, = 13024
gpu_min_NON_REG_OPs, = 25792
gpu_min_SP_ACC, = 340992
gpu_min_SFU_ACC, = 9472
gpu_min_FPU_ACC, = 0
gpu_min_MEM_RD, = 4
gpu_min_MEM_WR, = 0
gpu_min_MEM_PRE, = 0
gpu_min_L2_RH, = 62
gpu_min_L2_RM, = 2
gpu_min_L2_WH, = 0
gpu_min_L2_WM, = 0
gpu_min_NOC_A, = 105
gpu_min_PIPE_A, = 0.0320667
gpu_min_IDLE_CORE_N, = 0.0299997
gpu_min_CONST_DYNAMICN = 0

Accumulative Power Statistics Over Previous Kernels:
gpu_tot_avg_power = 65.2705
gpu_tot_max_power = 144.417
gpu_tot_min_power = 19.1273


