kernel_name = _Z11mult_matrixPA325_iS0_S0_ 
kernel_launch_uid = 1 

Kernel Average Power Data:
kernel_avg_power = 62.7543
gpu_avg_IBP, = 0.0008986
gpu_avg_ICP, = 0.00799419
gpu_avg_DCP, = 6.60097
gpu_avg_TCP, = 0
gpu_avg_CCP, = 0.000697348
gpu_avg_SHRDP, = 0
gpu_avg_RFP, = 0.503581
gpu_avg_SPP, = 0.0174465
gpu_avg_SFUP, = 0.334881
gpu_avg_FPUP, = 0
gpu_avg_SCHEDP, = 0.0131653
gpu_avg_L2CP, = 13.0853
gpu_avg_MCP, = 3.84303
gpu_avg_NOCP, = 13.8403
gpu_avg_DRAMP, = 13.5765
gpu_avg_PIPEP, = 0.296552
gpu_avg_IDLE_COREP, = 0.809248
gpu_avg_CONST_DYNAMICP = 9.82366
gpu_avg_TOT_INST, = 177.598
gpu_avg_FP_INT, = 171.321
gpu_avg_IC_H, = 88.8293
gpu_avg_IC_M, = 0.034711
gpu_avg_DC_RH, = 637.573
gpu_avg_DC_RM, = 558.514
gpu_avg_DC_WH, = 5.85373
gpu_avg_DC_WM, = 1147.64
gpu_avg_TC_H, = 0
gpu_avg_TC_M, = 0
gpu_avg_CC_H, = 0.374194
gpu_avg_CC_M, = 0.016129
gpu_avg_SHRD_ACC, = 0
gpu_avg_REG_RD, = 9225.14
gpu_avg_REG_WR, = 22819.8
gpu_avg_NON_REG_OPs, = 2944.23
gpu_avg_SP_ACC, = 4624.43
gpu_avg_SFU_ACC, = 4947.09
gpu_avg_FPU_ACC, = 0
gpu_avg_MEM_RD, = 373.48
gpu_avg_MEM_WR, = 0
gpu_avg_MEM_PRE, = 35.2922
gpu_avg_L2_RH, = 1860.59
gpu_avg_L2_RM, = 93.0003
gpu_avg_L2_WH, = 876.892
gpu_avg_L2_WM, = 3.49593
gpu_avg_NOC_A, = 5099.57
gpu_avg_PIPE_A, = 0.011647
gpu_avg_IDLE_CORE_N, = 0.508961
gpu_avg_CONST_DYNAMICN = 0

Kernel Maximum Power Data:
kernel_max_power = 111.795
gpu_max_IBP, = 0.00164948
gpu_max_ICP, = 0.0498544
gpu_max_DCP, = 9.91859
gpu_max_TCP, = 0
gpu_max_CCP, = 0
gpu_max_SHRDP, = 0
gpu_max_RFP, = 1.34501
gpu_max_SPP, = 0.138835
gpu_max_SFUP, = 0.138634
gpu_max_FPUP, = 0
gpu_max_SCHEDP, = 0.0250516
gpu_max_L2CP, = 2.11133
gpu_max_MCP, = 6.45626
gpu_max_NOCP, = 9.23036
gpu_max_DRAMP, = 71.9749
gpu_max_PIPEP, = 0.580528
gpu_max_IDLE_COREP, = 0
gpu_max_CONST_DYNAMICP = 9.82366
gpu_max_TOT_INST, = 326
gpu_max_FP_INT, = 326
gpu_max_IC_H, = 151
gpu_max_IC_M, = 12
gpu_max_DC_RH, = 2489
gpu_max_DC_RM, = 313
gpu_max_DC_WH, = 5
gpu_max_DC_WM, = 45
gpu_max_TC_H, = 0
gpu_max_TC_M, = 0
gpu_max_CC_H, = 0
gpu_max_CC_M, = 0
gpu_max_SHRD_ACC, = 0
gpu_max_REG_RD, = 12864
gpu_max_REG_WR, = 87072
gpu_max_NON_REG_OPs, = 6528
gpu_max_SP_ACC, = 36800
gpu_max_SFU_ACC, = 2048
gpu_max_FPU_ACC, = 0
gpu_max_MEM_RD, = 1979
gpu_max_MEM_WR, = 0
gpu_max_MEM_PRE, = 193
gpu_max_L2_RH, = 727
gpu_max_L2_RM, = 201
gpu_max_L2_WH, = 50
gpu_max_L2_WM, = 0
gpu_max_NOC_A, = 3401
gpu_max_PIPE_A, = 0.0228
gpu_max_IDLE_CORE_N, = 0
gpu_max_CONST_DYNAMICN = 0

Kernel Minimum Power Data:
kernel_min_power = 19.0181
gpu_min_IBP, = 0.00972483
gpu_min_ICP, = 1.61286
gpu_min_DCP, = 0
gpu_min_TCP, = 0
gpu_min_CCP, = 0.616134
gpu_min_SHRDP, = 0
gpu_min_RFP, = 2.1436
gpu_min_SPP, = 1.28646
gpu_min_SFUP, = 0.641184
gpu_min_FPUP, = 0
gpu_min_SCHEDP, = 0.142011
gpu_min_L2CP, = 0.134558
gpu_min_MCP, = 1.31557
gpu_min_NOCP, = 0.284971
gpu_min_DRAMP, = 0.143166
gpu_min_PIPEP, = 0.816473
gpu_min_IDLE_COREP, = 0.0476996
gpu_min_CONST_DYNAMICP = 9.82366
gpu_min_TOT_INST, = 1922
gpu_min_FP_INT, = 1848
gpu_min_IC_H, = 481
gpu_min_IC_M, = 517
gpu_min_DC_RH, = 0
gpu_min_DC_RM, = 0
gpu_min_DC_WH, = 0
gpu_min_DC_WM, = 0
gpu_min_TC_H, = 0
gpu_min_TC_M, = 0
gpu_min_CC_H, = 0
gpu_min_CC_M, = 480
gpu_min_SHRD_ACC, = 0
gpu_min_REG_RD, = 11840
gpu_min_REG_WR, = 13024
gpu_min_NON_REG_OPs, = 25792
gpu_min_SP_ACC, = 340992
gpu_min_SFU_ACC, = 9472
gpu_min_FPU_ACC, = 0
gpu_min_MEM_RD, = 4
gpu_min_MEM_WR, = 0
gpu_min_MEM_PRE, = 0
gpu_min_L2_RH, = 62
gpu_min_L2_RM, = 2
gpu_min_L2_WH, = 0
gpu_min_L2_WM, = 0
gpu_min_NOC_A, = 105
gpu_min_PIPE_A, = 0.0320667
gpu_min_IDLE_CORE_N, = 0.0299997
gpu_min_CONST_DYNAMICN = 0

Accumulative Power Statistics Over Previous Kernels:
gpu_tot_avg_power = 62.7543
gpu_tot_max_power = 111.795
gpu_tot_min_power = 19.0181


