kernel_name = _Z11mult_matrixPA50_iS0_S0_ 
kernel_launch_uid = 1 

Kernel Average Power Data:
kernel_avg_power = 51.1219
gpu_avg_IBP, = 0.00062166
gpu_avg_ICP, = 0.00888733
gpu_avg_DCP, = 3.65335
gpu_avg_TCP, = 0
gpu_avg_CCP, = 0.0029447
gpu_avg_SHRDP, = 0
gpu_avg_RFP, = 0.231005
gpu_avg_SPP, = 0.0354141
gpu_avg_SFUP, = 0.205379
gpu_avg_FPUP, = 0
gpu_avg_SCHEDP, = 0.00897902
gpu_avg_L2CP, = 11.514
gpu_avg_MCP, = 2.13912
gpu_avg_NOCP, = 3.31208
gpu_avg_DRAMP, = 0.0579432
gpu_avg_PIPEP, = 0.205104
gpu_avg_IDLE_COREP, = 19.9235
gpu_avg_CONST_DYNAMICP = 9.82366
gpu_avg_TOT_INST, = 122.864
gpu_avg_FP_INT, = 116.845
gpu_avg_IC_H, = 60.5775
gpu_avg_IC_M, = 1.15493
gpu_avg_DC_RH, = 612.535
gpu_avg_DC_RM, = 9.37559
gpu_avg_DC_WH, = 21.3662
gpu_avg_DC_WM, = 565.188
gpu_avg_TC_H, = 0
gpu_avg_TC_M, = 0
gpu_avg_CC_H, = 1.20188
gpu_avg_CC_M, = 0.600939
gpu_avg_SHRD_ACC, = 0
gpu_avg_REG_RD, = 5959.96
gpu_avg_REG_WR, = 1967.02
gpu_avg_NON_REG_OPs, = 2073.69
gpu_avg_SP_ACC, = 9386.97
gpu_avg_SFU_ACC, = 3033.99
gpu_avg_FPU_ACC, = 0
gpu_avg_MEM_RD, = 1.61502
gpu_avg_MEM_WR, = 0
gpu_avg_MEM_PRE, = 0.0234742
gpu_avg_L2_RH, = 36.3005
gpu_avg_L2_RM, = 0.399061
gpu_avg_L2_WH, = 586.404
gpu_avg_L2_WM, = 0
gpu_avg_NOC_A, = 1220.36
gpu_avg_PIPE_A, = 0.00805539
gpu_avg_IDLE_CORE_N, = 12.5305
gpu_avg_CONST_DYNAMICN = 0

Kernel Maximum Power Data:
kernel_max_power = 64.0068
gpu_max_IBP, = 0.000981591
gpu_max_ICP, = 0.00852559
gpu_max_DCP, = 6.14666
gpu_max_TCP, = 0
gpu_max_CCP, = 0
gpu_max_SHRDP, = 0
gpu_max_RFP, = 0.369017
gpu_max_SPP, = 0.017626
gpu_max_SFUP, = 0.34469
gpu_max_FPUP, = 0
gpu_max_SCHEDP, = 0.0141396
gpu_max_L2CP, = 21.0981
gpu_max_MCP, = 2.79901
gpu_max_NOCP, = 5.5583
gpu_max_DRAMP, = 0
gpu_max_PIPEP, = 0.336095
gpu_max_IDLE_COREP, = 17.49
gpu_max_CONST_DYNAMICP = 9.82366
gpu_max_TOT_INST, = 194
gpu_max_FP_INT, = 184
gpu_max_IC_H, = 96
gpu_max_IC_M, = 0
gpu_max_DC_RH, = 1034
gpu_max_DC_RM, = 0
gpu_max_DC_WH, = 0
gpu_max_DC_WM, = 966
gpu_max_TC_H, = 0
gpu_max_TC_M, = 0
gpu_max_CC_H, = 0
gpu_max_CC_M, = 0
gpu_max_SHRD_ACC, = 0
gpu_max_REG_RD, = 10336
gpu_max_REG_WR, = 2016
gpu_max_NON_REG_OPs, = 3328
gpu_max_SP_ACC, = 4672
gpu_max_SFU_ACC, = 5092
gpu_max_FPU_ACC, = 0
gpu_max_MEM_RD, = 0
gpu_max_MEM_WR, = 0
gpu_max_MEM_PRE, = 0
gpu_max_L2_RH, = 0
gpu_max_L2_RM, = 0
gpu_max_L2_WH, = 1088
gpu_max_L2_WM, = 0
gpu_max_NOC_A, = 2048
gpu_max_PIPE_A, = 0.0132
gpu_max_IDLE_CORE_N, = 11
gpu_max_CONST_DYNAMICN = 0

Kernel Minimum Power Data:
kernel_min_power = 30.5806
gpu_min_IBP, = 0.0024894
gpu_min_ICP, = 0.423516
gpu_min_DCP, = 0
gpu_min_TCP, = 0
gpu_min_CCP, = 0.164302
gpu_min_SHRDP, = 0
gpu_min_RFP, = 0.524582
gpu_min_SPP, = 0.278152
gpu_min_SFUP, = 0.138634
gpu_min_FPUP, = 0
gpu_min_SCHEDP, = 0.0365785
gpu_min_L2CP, = 0.0711156
gpu_min_MCP, = 1.21915
gpu_min_NOCP, = 0.0759923
gpu_min_DRAMP, = 0.143166
gpu_min_PIPEP, = 0.176535
gpu_min_IDLE_COREP, = 17.5027
gpu_min_CONST_DYNAMICP = 9.82366
gpu_min_TOT_INST, = 492
gpu_min_FP_INT, = 476
gpu_min_IC_H, = 118
gpu_min_IC_M, = 136
gpu_min_DC_RH, = 0
gpu_min_DC_RM, = 0
gpu_min_DC_WH, = 0
gpu_min_DC_WM, = 0
gpu_min_TC_H, = 0
gpu_min_TC_M, = 0
gpu_min_CC_H, = 0
gpu_min_CC_M, = 128
gpu_min_SHRD_ACC, = 0
gpu_min_REG_RD, = 2560
gpu_min_REG_WR, = 2816
gpu_min_NON_REG_OPs, = 6400
gpu_min_SP_ACC, = 73728
gpu_min_SFU_ACC, = 2048
gpu_min_FPU_ACC, = 0
gpu_min_MEM_RD, = 4
gpu_min_MEM_WR, = 0
gpu_min_MEM_PRE, = 0
gpu_min_L2_RH, = 18
gpu_min_L2_RM, = 3
gpu_min_L2_WH, = 0
gpu_min_L2_WM, = 0
gpu_min_NOC_A, = 28
gpu_min_PIPE_A, = 0.00693333
gpu_min_IDLE_CORE_N, = 11.008
gpu_min_CONST_DYNAMICN = 0

Accumulative Power Statistics Over Previous Kernels:
gpu_tot_avg_power = 51.1219
gpu_tot_max_power = 64.0068
gpu_tot_min_power = 30.5806


