kernel_name = _Z11mult_matrixPA100_iS0_S0_ 
kernel_launch_uid = 1 

Kernel Average Power Data:
kernel_avg_power = 98.4227
gpu_avg_IBP, = 0.00226187
gpu_avg_ICP, = 0.0266022
gpu_avg_DCP, = 14.1203
gpu_avg_TCP, = 0
gpu_avg_CCP, = 0.00574016
gpu_avg_SHRDP, = 0
gpu_avg_RFP, = 0.859724
gpu_avg_SPP, = 0.0842403
gpu_avg_SFUP, = 0.773359
gpu_avg_FPUP, = 0
gpu_avg_SCHEDP, = 0.0327571
gpu_avg_L2CP, = 45.4487
gpu_avg_MCP, = 4.94268
gpu_avg_NOCP, = 13.5383
gpu_avg_DRAMP, = 0.103998
gpu_avg_PIPEP, = 0.744482
gpu_avg_IDLE_COREP, = 7.91584
gpu_avg_CONST_DYNAMICP = 9.82366
gpu_avg_TOT_INST, = 447.032
gpu_avg_FP_INT, = 426.273
gpu_avg_IC_H, = 221.825
gpu_avg_IC_M, = 2.27273
gpu_avg_DC_RH, = 2297.84
gpu_avg_DC_RM, = 88.45
gpu_avg_DC_WH, = 35.9
gpu_avg_DC_WM, = 2236.68
gpu_avg_TC_H, = 0
gpu_avg_TC_M, = 0
gpu_avg_CC_H, = 2.4
gpu_avg_CC_M, = 1.09091
gpu_avg_SHRD_ACC, = 0
gpu_avg_REG_RD, = 22305.7
gpu_avg_REG_WR, = 9030.76
gpu_avg_NON_REG_OPs, = 7507.35
gpu_avg_SP_ACC, = 22329
gpu_avg_SFU_ACC, = 11424.6
gpu_avg_FPU_ACC, = 0
gpu_avg_MEM_RD, = 2.90455
gpu_avg_MEM_WR, = 0
gpu_avg_MEM_PRE, = 0.00681818
gpu_avg_L2_RH, = 351.636
gpu_avg_L2_RM, = 0.725
gpu_avg_L2_WH, = 2272.51
gpu_avg_L2_WM, = 0
gpu_avg_NOC_A, = 4988.29
gpu_avg_PIPE_A, = 0.0292393
gpu_avg_IDLE_CORE_N, = 4.97851
gpu_avg_CONST_DYNAMICN = 0

Kernel Maximum Power Data:
kernel_max_power = 135.152
gpu_max_IBP, = 0.00603122
gpu_max_ICP, = 0.0527521
gpu_max_DCP, = 21.5126
gpu_max_TCP, = 0
gpu_max_CCP, = 0
gpu_max_SHRDP, = 0
gpu_max_RFP, = 2.22204
gpu_max_SPP, = 0.0719526
gpu_max_SFUP, = 1.78058
gpu_max_FPUP, = 0
gpu_max_SCHEDP, = 0.0869891
gpu_max_L2CP, = 70.7724
gpu_max_MCP, = 6.9563
gpu_max_NOCP, = 19.8394
gpu_max_DRAMP, = 0.0715829
gpu_max_PIPEP, = 1.95546
gpu_max_IDLE_COREP, = 0
gpu_max_CONST_DYNAMICP = 9.82366
gpu_max_TOT_INST, = 1192
gpu_max_FP_INT, = 1132
gpu_max_IC_H, = 594
gpu_max_IC_M, = 0
gpu_max_DC_RH, = 3506
gpu_max_DC_RM, = 57
gpu_max_DC_WH, = 0
gpu_max_DC_WM, = 3486
gpu_max_TC_H, = 0
gpu_max_TC_M, = 0
gpu_max_CC_H, = 0
gpu_max_CC_M, = 0
gpu_max_SHRD_ACC, = 0
gpu_max_REG_RD, = 59584
gpu_max_REG_WR, = 15712
gpu_max_NON_REG_OPs, = 20000
gpu_max_SP_ACC, = 19072
gpu_max_SFU_ACC, = 26304
gpu_max_FPU_ACC, = 0
gpu_max_MEM_RD, = 2
gpu_max_MEM_WR, = 0
gpu_max_MEM_PRE, = 0
gpu_max_L2_RH, = 250
gpu_max_L2_RM, = 0
gpu_max_L2_WH, = 3599
gpu_max_L2_WM, = 0
gpu_max_NOC_A, = 7310
gpu_max_PIPE_A, = 0.0768
gpu_max_IDLE_CORE_N, = 0
gpu_max_CONST_DYNAMICN = 0

Kernel Minimum Power Data:
kernel_min_power = 19.1303
gpu_min_IBP, = 0.00972483
gpu_min_ICP, = 1.61286
gpu_min_DCP, = 0
gpu_min_TCP, = 0
gpu_min_CCP, = 0.616134
gpu_min_SHRDP, = 0
gpu_min_RFP, = 2.1436
gpu_min_SPP, = 1.28646
gpu_min_SFUP, = 0.641184
gpu_min_FPUP, = 0
gpu_min_SCHEDP, = 0.142011
gpu_min_L2CP, = 0.243763
gpu_min_MCP, = 1.31557
gpu_min_NOCP, = 0.293113
gpu_min_DRAMP, = 0.143166
gpu_min_PIPEP, = 0.811381
gpu_min_IDLE_COREP, = 0.0476996
gpu_min_CONST_DYNAMICP = 9.82366
gpu_min_TOT_INST, = 1922
gpu_min_FP_INT, = 1848
gpu_min_IC_H, = 481
gpu_min_IC_M, = 517
gpu_min_DC_RH, = 0
gpu_min_DC_RM, = 0
gpu_min_DC_WH, = 0
gpu_min_DC_WM, = 0
gpu_min_TC_H, = 0
gpu_min_TC_M, = 0
gpu_min_CC_H, = 0
gpu_min_CC_M, = 480
gpu_min_SHRD_ACC, = 0
gpu_min_REG_RD, = 11840
gpu_min_REG_WR, = 13024
gpu_min_NON_REG_OPs, = 25792
gpu_min_SP_ACC, = 340992
gpu_min_SFU_ACC, = 9472
gpu_min_FPU_ACC, = 0
gpu_min_MEM_RD, = 4
gpu_min_MEM_WR, = 0
gpu_min_MEM_PRE, = 0
gpu_min_L2_RH, = 62
gpu_min_L2_RM, = 2
gpu_min_L2_WH, = 0
gpu_min_L2_WM, = 0
gpu_min_NOC_A, = 108
gpu_min_PIPE_A, = 0.0318667
gpu_min_IDLE_CORE_N, = 0.0299997
gpu_min_CONST_DYNAMICN = 0

Accumulative Power Statistics Over Previous Kernels:
gpu_tot_avg_power = 98.4227
gpu_tot_max_power = 135.152
gpu_tot_min_power = 19.1303


