kernel_name = _Z11mult_matrixPA250_iS0_S0_ 
kernel_launch_uid = 1 

Kernel Average Power Data:
kernel_avg_power = 51.4952
gpu_avg_IBP, = 0.000862011
gpu_avg_ICP, = 0.00777418
gpu_avg_DCP, = 6.4809
gpu_avg_TCP, = 0
gpu_avg_CCP, = 0.000785574
gpu_avg_SHRDP, = 0
gpu_avg_RFP, = 0.486747
gpu_avg_SPP, = 0.0211722
gpu_avg_SFUP, = 0.314808
gpu_avg_FPUP, = 0
gpu_avg_SCHEDP, = 0.0125129
gpu_avg_L2CP, = 16.0276
gpu_avg_MCP, = 3.10942
gpu_avg_NOCP, = 13.3125
gpu_avg_DRAMP, = 0.594152
gpu_avg_PIPEP, = 0.283286
gpu_avg_IDLE_COREP, = 1.01905
gpu_avg_CONST_DYNAMICP = 9.82366
gpu_avg_TOT_INST, = 170.366
gpu_avg_FP_INT, = 162.832
gpu_avg_IC_H, = 85.1885
gpu_avg_IC_M, = 0.068731
gpu_avg_DC_RH, = 642.296
gpu_avg_DC_RM, = 528.84
gpu_avg_DC_WH, = 7.43149
gpu_avg_DC_WM, = 1123.01
gpu_avg_TC_H, = 0
gpu_avg_TC_M, = 0
gpu_avg_CC_H, = 0.409782
gpu_avg_CC_M, = 0.0347272
gpu_avg_SHRD_ACC, = 0
gpu_avg_REG_RD, = 8678.25
gpu_avg_REG_WR, = 22319.6
gpu_avg_NON_REG_OPs, = 2848.84
gpu_avg_SP_ACC, = 5611.96
gpu_avg_SFU_ACC, = 4650.56
gpu_avg_FPU_ACC, = 0
gpu_avg_MEM_RD, = 16.44
gpu_avg_MEM_WR, = 0
gpu_avg_MEM_PRE, = 0.968673
gpu_avg_L2_RH, = 2098.94
gpu_avg_L2_RM, = 4.07184
gpu_avg_L2_WH, = 1119.37
gpu_avg_L2_WM, = 0.104326
gpu_avg_NOC_A, = 4905.11
gpu_avg_PIPE_A, = 0.011126
gpu_avg_IDLE_CORE_N, = 0.64091
gpu_avg_CONST_DYNAMICN = 0

Kernel Maximum Power Data:
kernel_max_power = 103.749
gpu_max_IBP, = 0.00282334
gpu_max_ICP, = 0.025488
gpu_max_DCP, = 22.2584
gpu_max_TCP, = 0
gpu_max_CCP, = 0
gpu_max_SHRDP, = 0
gpu_max_RFP, = 1.08636
gpu_max_SPP, = 0.0691759
gpu_max_SFUP, = 0.989936
gpu_max_FPUP, = 0
gpu_max_SCHEDP, = 0.0401134
gpu_max_L2CP, = 38.5467
gpu_max_MCP, = 7.50591
gpu_max_NOCP, = 21.5683
gpu_max_DRAMP, = 0.86492
gpu_max_PIPEP, = 0.967548
gpu_max_IDLE_COREP, = 0
gpu_max_CONST_DYNAMICP = 9.82366
gpu_max_TOT_INST, = 558
gpu_max_FP_INT, = 522
gpu_max_IC_H, = 287
gpu_max_IC_M, = 0
gpu_max_DC_RH, = 3377
gpu_max_DC_RM, = 40
gpu_max_DC_WH, = 19
gpu_max_DC_WM, = 3988
gpu_max_TC_H, = 0
gpu_max_TC_M, = 0
gpu_max_CC_H, = 0
gpu_max_CC_M, = 0
gpu_max_SHRD_ACC, = 0
gpu_max_REG_RD, = 28480
gpu_max_REG_WR, = 12032
gpu_max_NON_REG_OPs, = 9376
gpu_max_SP_ACC, = 18336
gpu_max_SFU_ACC, = 14624
gpu_max_FPU_ACC, = 0
gpu_max_MEM_RD, = 24
gpu_max_MEM_WR, = 0
gpu_max_MEM_PRE, = 1
gpu_max_L2_RH, = 128
gpu_max_L2_RM, = 6
gpu_max_L2_WH, = 3732
gpu_max_L2_WM, = 0
gpu_max_NOC_A, = 7947
gpu_max_PIPE_A, = 0.0380001
gpu_max_IDLE_CORE_N, = 0
gpu_max_CONST_DYNAMICN = 0

Kernel Minimum Power Data:
kernel_min_power = 19.0181
gpu_min_IBP, = 0.00972483
gpu_min_ICP, = 1.61286
gpu_min_DCP, = 0
gpu_min_TCP, = 0
gpu_min_CCP, = 0.616134
gpu_min_SHRDP, = 0
gpu_min_RFP, = 2.1436
gpu_min_SPP, = 1.28646
gpu_min_SFUP, = 0.641184
gpu_min_FPUP, = 0
gpu_min_SCHEDP, = 0.142011
gpu_min_L2CP, = 0.134558
gpu_min_MCP, = 1.31557
gpu_min_NOCP, = 0.284971
gpu_min_DRAMP, = 0.143166
gpu_min_PIPEP, = 0.816473
gpu_min_IDLE_COREP, = 0.0476996
gpu_min_CONST_DYNAMICP = 9.82366
gpu_min_TOT_INST, = 1922
gpu_min_FP_INT, = 1848
gpu_min_IC_H, = 481
gpu_min_IC_M, = 517
gpu_min_DC_RH, = 0
gpu_min_DC_RM, = 0
gpu_min_DC_WH, = 0
gpu_min_DC_WM, = 0
gpu_min_TC_H, = 0
gpu_min_TC_M, = 0
gpu_min_CC_H, = 0
gpu_min_CC_M, = 480
gpu_min_SHRD_ACC, = 0
gpu_min_REG_RD, = 11840
gpu_min_REG_WR, = 13024
gpu_min_NON_REG_OPs, = 25792
gpu_min_SP_ACC, = 340992
gpu_min_SFU_ACC, = 9472
gpu_min_FPU_ACC, = 0
gpu_min_MEM_RD, = 4
gpu_min_MEM_WR, = 0
gpu_min_MEM_PRE, = 0
gpu_min_L2_RH, = 62
gpu_min_L2_RM, = 2
gpu_min_L2_WH, = 0
gpu_min_L2_WM, = 0
gpu_min_NOC_A, = 105
gpu_min_PIPE_A, = 0.0320667
gpu_min_IDLE_CORE_N, = 0.0299997
gpu_min_CONST_DYNAMICN = 0

Accumulative Power Statistics Over Previous Kernels:
gpu_tot_avg_power = 51.4952
gpu_tot_max_power = 103.749
gpu_tot_min_power = 19.0181


